1263 - Winsize
6298 - 0
6299 - 1
6300 - 3
6302 - 7
6304 - 8
6304 - 9
6304 - 10
6304 - 12
6308 - 9
6309 - 14
6309 - 15
6310 - 27
6311 - 27
6315 - 10
6315 - 11
6316 - 12
6317 - 20
6318 - 27
6318 - 27
6319 - 29
6319 - 30
6319 - 30
6319 - 31
6320 - 31
6320 - 31
6320 - 32
6320 - 32
6320 - 33
6321 - 40
6321 - 41
6321 - 41
6322 - 41
6322 - 42
6322 - 42
6322 - 42
6328 - 14
6328 - 17
6328 - 19
6329 - Packet Dropped!
6329 - 21
6329 - 23
6330 - 25
6330 - 27
6330 - 29
6331 - 31
6331 - 33
6332 - 35
6332 - 37
6332 - 38
6333 - 40
6333 - 42
6334 - 44
6334 - 45
6335 - 47
6341 - 42
6346 - 11
6346 - 13
6348 - 26
6348 - 27
6348 - 27
6352 - 12
6353 - 14
6353 - 16
6354 - 19
6354 - 23
6354 - 24
6354 - 26
6359 - 13
6359 - 16
6359 - 17
6360 - 18
6360 - 20
6360 - 21
6361 - 22
6362 - 23
6362 - 24
6362 - 24
6365 - 9
6365 - 11
6366 - 13
6366 - 15
6367 - 17
6367 - 18
6367 - 19
6367 - 21
6368 - 26
6371 - 7
6372 - 13
6372 - 15
6372 - 16
6374 - 24
6374 - 28
6374 - 29
6379 - 8
6379 - 10
6379 - 11
6380 - 12
6380 - 13
6381 - 17
6381 - 18
6382 - 24
6382 - 25
6383 - 27
6386 - 11
6386 - 12
6386 - 13
6387 - 16
6388 - 30
6389 - 31
6389 - 31
6394 - 15
6394 - 19
6394 - 21
6395 - 23
6395 - 24
6396 - 26
6396 - 27
6396 - 29
6397 - 30
6402 - 22
6402 - 25
6402 - 27
6403 - 28
6403 - 30
6404 - 31
6404 - 33
